\BOOKMARK [1][]{section.1}{\376\377\0001\000\040\000O\000g\000\363\000l\000n\000e\000\040\000o\000k\000r\000e\001\133\000l\000e\000n\000i\000e\000\040\000w\000y\000m\000a\000g\000a\001\104}{}% 1
\BOOKMARK [2][-]{subsection.1.1}{\376\377\0001\000.\0001\000\040\000Z\000a\000m\000\363\000w\000i\000e\000n\000i\000e\000\040\000a\000p\000l\000i\000k\000a\000c\000j\000i\000\040\000p\000r\000z\000e\000z\000\040\000k\000l\000i\000e\000n\000t\000a}{section.1}% 2
\BOOKMARK [1][]{section.2}{\376\377\0002\000\040\000O\000k\000r\000e\001\133\000l\000e\000n\000i\000e\000\040\000w\000y\000m\000a\000g\000a\001\104\000\040\000s\000z\000c\000z\000e\000g\000\363\001\102\000o\000w\000y\000c\000h}{}% 3
\BOOKMARK [2][-]{subsection.2.1}{\376\377\0002\000.\0001\000\040\000O\000d\000p\000o\000w\000i\000e\000d\001\172\000\040\000n\000a\000\040\000z\000a\000m\000\363\000w\000i\000e\000n\000i\000e\000\040\000k\000l\000i\000e\000n\000t\000a}{section.2}% 4
\BOOKMARK [1][]{section.3}{\376\377\0003\000\040\000P\000r\000o\000j\000e\000k\000t\000o\000w\000a\000n\000i\000e}{}% 5
\BOOKMARK [2][-]{subsection.3.1}{\376\377\0003\000.\0001\000\040\000N\000a\000r\000z\001\031\000d\000z\000i\000a}{section.3}% 6
\BOOKMARK [2][-]{subsection.3.2}{\376\377\0003\000.\0002\000\040\000X\000a\000m\000a\000r\000i\000n\000.\000F\000o\000r\000m\000s}{section.3}% 7
\BOOKMARK [1][]{section.4}{\376\377\0004\000\040\000I\000m\000p\000l\000e\000m\000e\000n\000t\000a\000c\000j\000a}{}% 8
\BOOKMARK [2][-]{subsection.4.1}{\376\377\0004\000.\0001\000\040\000P\000i\000e\000r\000w\000s\000z\000e\000\040\000k\000r\000o\000k\000i}{section.4}% 9
\BOOKMARK [2][-]{subsection.4.2}{\376\377\0004\000.\0002\000\040\000M\000o\000d\000y\000f\000i\000k\000a\000c\000j\000a\000\040\000m\000e\000n\000u}{section.4}% 10
\BOOKMARK [2][-]{subsection.4.3}{\376\377\0004\000.\0003\000\040\000D\000o\000d\000a\000n\000i\000e\000\040\000o\000r\000a\000z\000\040\000w\000y\000s\000t\000y\000l\000i\000z\000o\000w\000a\000n\000i\000e\000\040\000e\000l\000e\000m\000e\000n\000t\000\363\000w\000\040\000m\000e\000n\000u}{section.4}% 11
\BOOKMARK [2][-]{subsection.4.4}{\376\377\0004\000.\0004\000\040\000D\000o\000d\000a\000n\000i\000e\000\040\000m\000o\000t\000y\000w\000u\000\040\000j\000a\000s\000n\000e\000g\000o\000\040\000i\000\040\000c\000i\000e\000m\000n\000e\000g\000o}{section.4}% 12
\BOOKMARK [1][]{section.5}{\376\377\0005\000\040\000T\000e\000s\000t\000o\000w\000a\000n\000i\000e}{}% 13
\BOOKMARK [1][]{section.6}{\376\377\0006\000\040\000P\000o\000d\000r\001\031\000c\000z\000n\000i\000k\000\040\000u\001\174\000y\000t\000k\000o\000w\000n\000i\000k\000a}{}% 14
\BOOKMARK [2][-]{subsection.6.1}{\376\377\0006\000.\0001\000\040\000C\000z\000y\000m\000\040\000j\000e\000s\000t\000\040\000B\000i\000k\000e\000A\000p\000p\000?}{section.6}% 15
\BOOKMARK [2][-]{subsection.6.2}{\376\377\0006\000.\0002\000\040\000D\000o\000s\000t\001\031\000p\000\040\000d\000o\000\040\000m\000e\000n\000u\000\040\000g\001\102\000\363\000w\000n\000e\000g\000o\000\040\000o\000r\000a\000z\000\040\000s\000p\000i\000s\000\040\000p\000o\000d\000s\000t\000r\000o\000n}{section.6}% 16
\BOOKMARK [2][-]{subsection.6.3}{\376\377\0006\000.\0003\000\040\000M\000e\000c\000h\000a\000n\000i\000z\000m\000\040\001\133\000l\000e\000d\000z\000e\000n\000i\000a\000\040\000t\000r\000a\000s\000y}{section.6}% 17
\BOOKMARK [2][-]{subsection.6.4}{\376\377\0006\000.\0004\000\040\000Z\000a\000r\000z\001\005\000d\000z\000a\000n\000i\000e\000\040\000z\000a\000p\000i\000s\000a\000n\000y\000m\000i\000\040\000t\000r\000a\000s\000a\000m\000i}{section.6}% 18
\BOOKMARK [2][-]{subsection.6.5}{\376\377\0006\000.\0005\000\040\000W\000y\001\133\000w\000i\000e\000t\000l\000a\000n\000i\000e\000\040\000t\000r\000a\000s\000y\000\040\000n\000a\000\040\000m\000a\000p\000i\000e}{section.6}% 19
\BOOKMARK [2][-]{subsection.6.6}{\376\377\0006\000.\0006\000\040\000P\000r\000z\000e\000g\000l\001\005\000d\000a\000n\000i\000e\000\040\000d\000a\000n\000y\000c\000h\000\040\000p\000o\000m\000i\000a\000r\000o\000w\000y\000c\000h}{section.6}% 20
\BOOKMARK [3][-]{subsubsection.6.6.1}{\376\377\0006\000.\0006\000.\0001\000\040\000D\000a\000n\000e\000\040\000c\000h\000w\000i\000l\000o\000w\000e}{subsection.6.6}% 21
\BOOKMARK [3][-]{subsubsection.6.6.2}{\376\377\0006\000.\0006\000.\0002\000\040\000D\000a\000n\000e\000\040\000g\000r\000o\000m\000a\000d\000z\000o\000n\000e\000\040\000w\000\040\000c\000z\000a\000s\000i\000e\000\040\000\050\000s\000t\000a\000t\000y\000s\000t\000y\000k\000i\000\051}{subsection.6.6}% 22
\BOOKMARK [2][-]{subsection.6.7}{\376\377\0006\000.\0007\000\040\000D\000o\000s\000t\000o\000s\000o\000w\000a\000n\000i\000e\000\040\000u\000s\000t\000a\000w\000i\000e\001\104}{section.6}% 23
\BOOKMARK [2][-]{subsection.6.8}{\376\377\0006\000.\0008\000\040\000C\000z\001\031\000s\000t\000e\000\040\000p\000r\000o\000b\000l\000e\000m\000y\000\040\000i\000\040\000b\001\102\001\031\000d\000y}{section.6}% 24
\BOOKMARK [1][]{subsection.6.8}{\376\377\000L\000i\000t\000e\000r\000a\000t\000u\000r\000a}{}% 25
\BOOKMARK [1][]{subsection.6.8}{\376\377\000S\000p\000i\000s\000\040\000r\000y\000s\000u\000n\000k\000\363\000w}{}% 26
\BOOKMARK [1][]{subsection.6.8}{\376\377\000S\000p\000i\000s\000\040\000t\000a\000b\000e\000l}{}% 27
