This is pdfTeX, Version 3.141592653-2.6-1.40.23 (TeX Live 2021/W32TeX) (preloaded format=pdflatex 2021.12.29)  17 JAN 2022 16:45
entering extended mode
 restricted \write18 enabled.
 %&-line parsing enabled.
**dokument.tex
(./dokument.tex
LaTeX2e <2021-11-15> patch level 1
L3 programming layer <2021-11-22>
(c:/texlive/2021/texmf-dist/tex/latex/base/article.cls
Document Class: article 2021/10/04 v1.4n Standard LaTeX document class
(c:/texlive/2021/texmf-dist/tex/latex/base/size12.clo
File: size12.clo 2021/10/04 v1.4n Standard LaTeX file (size option)
)
\c@part=\count183
\c@section=\count184
\c@subsection=\count185
\c@subsubsection=\count186
\c@paragraph=\count187
\c@subparagraph=\count188
\c@figure=\count189
\c@table=\count190
\abovecaptionskip=\skip47
\belowcaptionskip=\skip48
\bibindent=\dimen138
)
(./preambula_pakiety.tex
(c:/texlive/2021/texmf-dist/tex/latex/jknapltx/mathrsfs.sty
Package: mathrsfs 1996/01/01 Math RSFS package v1.0 (jk)
\symrsfs=\mathgroup4
)
(c:/texlive/2021/texmf-dist/tex/latex/amsfonts/eucal.sty
Package: eucal 2009/06/22 v3.00 Euler Script fonts
LaTeX Font Info:    Overwriting math alphabet `\EuScript' in version `bold'
(Font)                  U/eus/m/n --> U/eus/b/n on input line 33.
)
(c:/texlive/2021/texmf-dist/tex/latex/amsfonts/amssymb.sty
Package: amssymb 2013/01/14 v3.01 AMS font symbols

(c:/texlive/2021/texmf-dist/tex/latex/amsfonts/amsfonts.sty
Package: amsfonts 2013/01/14 v3.01 Basic AMSFonts support
\@emptytoks=\toks16
\symAMSa=\mathgroup5
\symAMSb=\mathgroup6
LaTeX Font Info:    Redeclaring math symbol \hbar on input line 98.
LaTeX Font Info:    Overwriting math alphabet `\mathfrak' in version `bold'
(Font)                  U/euf/m/n --> U/euf/b/n on input line 106.
))
(c:/texlive/2021/texmf-dist/tex/latex/amsmath/amsmath.sty
Package: amsmath 2021/10/15 v2.17l AMS math features
\@mathmargin=\skip49

For additional information on amsmath, use the `?' option.
(c:/texlive/2021/texmf-dist/tex/latex/amsmath/amstext.sty
Package: amstext 2021/08/26 v2.01 AMS text

(c:/texlive/2021/texmf-dist/tex/latex/amsmath/amsgen.sty
File: amsgen.sty 1999/11/30 v2.0 generic functions
\@emptytoks=\toks17
\ex@=\dimen139
))
(c:/texlive/2021/texmf-dist/tex/latex/amsmath/amsbsy.sty
Package: amsbsy 1999/11/29 v1.2d Bold Symbols
\pmbraise@=\dimen140
)
(c:/texlive/2021/texmf-dist/tex/latex/amsmath/amsopn.sty
Package: amsopn 2021/08/26 v2.02 operator names
)
\inf@bad=\count191
LaTeX Info: Redefining \frac on input line 234.
\uproot@=\count192
\leftroot@=\count193
LaTeX Info: Redefining \overline on input line 399.
\classnum@=\count194
\DOTSCASE@=\count195
LaTeX Info: Redefining \ldots on input line 496.
LaTeX Info: Redefining \dots on input line 499.
LaTeX Info: Redefining \cdots on input line 620.
\Mathstrutbox@=\box50
\strutbox@=\box51
\big@size=\dimen141
LaTeX Font Info:    Redeclaring font encoding OML on input line 743.
LaTeX Font Info:    Redeclaring font encoding OMS on input line 744.
\macc@depth=\count196
\c@MaxMatrixCols=\count197
\dotsspace@=\muskip16
\c@parentequation=\count198
\dspbrk@lvl=\count199
\tag@help=\toks18
\row@=\count266
\column@=\count267
\maxfields@=\count268
\andhelp@=\toks19
\eqnshift@=\dimen142
\alignsep@=\dimen143
\tagshift@=\dimen144
\tagwidth@=\dimen145
\totwidth@=\dimen146
\lineht@=\dimen147
\@envbody=\toks20
\multlinegap=\skip50
\multlinetaggap=\skip51
\mathdisplay@stack=\toks21
LaTeX Info: Redefining \[ on input line 2938.
LaTeX Info: Redefining \] on input line 2939.
)
(c:/texlive/2021/texmf-dist/tex/generic/babel/babel.sty
Package: babel 2021/12/28 3.68 The Babel package
\babel@savecnt=\count269
\U@D=\dimen148
\l@unhyphenated=\language87

(c:/texlive/2021/texmf-dist/tex/generic/babel/txtbabel.def)
\bbl@readstream=\read2
\bbl@dirlevel=\count270

(c:/texlive/2021/texmf-dist/tex/generic/babel-polish/polish.ldf
Language: polish 2005/03/31 v1.2l Polish support from the babel system
Package babel Info: Making " an active character on input line 83.
\pl@left=\dimen149
\pl@down=\dimen150
\pl@right=\dimen151
\pl@temp=\dimen152
))
(c:/texlive/2021/texmf-dist/tex/latex/polski/polski.sty
Package: polski 2021/08/25 v1.3.6 Polish language package

(c:/texlive/2021/texmf-dist/tex/latex/base/ot4enc.def
File: ot4enc.def 2021/04/29 v2.0v Standard LaTeX file
Now handling font encoding OT4 ...
... no UTF-8 mapping file for font encoding OT4
))
(c:/texlive/2021/texmf-dist/tex/latex/graphics/color.sty
Package: color 2021/12/07 v1.3c Standard LaTeX Color (DPC)

(c:/texlive/2021/texmf-dist/tex/latex/graphics-cfg/color.cfg
File: color.cfg 2016/01/02 v1.6 sample color configuration
)
Package color Info: Driver file: pdftex.def on input line 149.

(c:/texlive/2021/texmf-dist/tex/latex/graphics-def/pdftex.def
File: pdftex.def 2020/10/05 v1.2a Graphics/color driver for pdftex
)
(c:/texlive/2021/texmf-dist/tex/latex/graphics/dvipsnam.def
File: dvipsnam.def 2016/06/17 v3.0m Driver-dependent file (DPC,SPQR)
))
(c:/texlive/2021/texmf-dist/tex/latex/hyperref/hyperref.sty
Package: hyperref 2021-06-07 v7.00m Hypertext links for LaTeX

(c:/texlive/2021/texmf-dist/tex/generic/ltxcmds/ltxcmds.sty
Package: ltxcmds 2020-05-10 v1.25 LaTeX kernel commands for general use (HO)
)
(c:/texlive/2021/texmf-dist/tex/generic/iftex/iftex.sty
Package: iftex 2020/03/06 v1.0d TeX engine tests
)
(c:/texlive/2021/texmf-dist/tex/generic/pdftexcmds/pdftexcmds.sty
Package: pdftexcmds 2020-06-27 v0.33 Utility functions of pdfTeX for LuaTeX (HO
)

(c:/texlive/2021/texmf-dist/tex/generic/infwarerr/infwarerr.sty
Package: infwarerr 2019/12/03 v1.5 Providing info/warning/error messages (HO)
)
Package pdftexcmds Info: \pdf@primitive is available.
Package pdftexcmds Info: \pdf@ifprimitive is available.
Package pdftexcmds Info: \pdfdraftmode found.
)
(c:/texlive/2021/texmf-dist/tex/latex/graphics/keyval.sty
Package: keyval 2014/10/28 v1.15 key=value parser (DPC)
\KV@toks@=\toks22
)
(c:/texlive/2021/texmf-dist/tex/generic/kvsetkeys/kvsetkeys.sty
Package: kvsetkeys 2019/12/15 v1.18 Key value parser (HO)
)
(c:/texlive/2021/texmf-dist/tex/generic/kvdefinekeys/kvdefinekeys.sty
Package: kvdefinekeys 2019-12-19 v1.6 Define keys (HO)
)
(c:/texlive/2021/texmf-dist/tex/generic/pdfescape/pdfescape.sty
Package: pdfescape 2019/12/09 v1.15 Implements pdfTeX's escape features (HO)
)
(c:/texlive/2021/texmf-dist/tex/latex/hycolor/hycolor.sty
Package: hycolor 2020-01-27 v1.10 Color options for hyperref/bookmark (HO)
)
(c:/texlive/2021/texmf-dist/tex/latex/letltxmacro/letltxmacro.sty
Package: letltxmacro 2019/12/03 v1.6 Let assignment for LaTeX macros (HO)
)
(c:/texlive/2021/texmf-dist/tex/latex/auxhook/auxhook.sty
Package: auxhook 2019-12-17 v1.6 Hooks for auxiliary files (HO)
)
(c:/texlive/2021/texmf-dist/tex/latex/kvoptions/kvoptions.sty
Package: kvoptions 2020-10-07 v3.14 Key value format for package options (HO)
)
\@linkdim=\dimen153
\Hy@linkcounter=\count271
\Hy@pagecounter=\count272

(c:/texlive/2021/texmf-dist/tex/latex/hyperref/pd1enc.def
File: pd1enc.def 2021-06-07 v7.00m Hyperref: PDFDocEncoding definition (HO)
Now handling font encoding PD1 ...
... no UTF-8 mapping file for font encoding PD1
)
(c:/texlive/2021/texmf-dist/tex/latex/hyperref/hyperref-langpatches.def
File: hyperref-langpatches.def 2021-06-07 v7.00m Hyperref: patches for babel la
nguages
)
(c:/texlive/2021/texmf-dist/tex/generic/intcalc/intcalc.sty
Package: intcalc 2019/12/15 v1.3 Expandable calculations with integers (HO)
)
(c:/texlive/2021/texmf-dist/tex/generic/etexcmds/etexcmds.sty
Package: etexcmds 2019/12/15 v1.7 Avoid name clashes with e-TeX commands (HO)
)
\Hy@SavedSpaceFactor=\count273

(c:/texlive/2021/texmf-dist/tex/latex/hyperref/puenc.def
File: puenc.def 2021-06-07 v7.00m Hyperref: PDF Unicode definition (HO)
Now handling font encoding PU ...
... no UTF-8 mapping file for font encoding PU
)
Package hyperref Info: Option `draft' set `false' on input line 4073.
Package hyperref Info: Option `pdfpagelabels' set `false' on input line 4073.
Package hyperref Info: Option `colorlinks' set `true' on input line 4073.
Package hyperref Info: Option `bookmarks' set `true' on input line 4073.
Package hyperref Info: Option `bookmarksopen' set `true' on input line 4073.
Package hyperref Info: Option `bookmarksnumbered' set `true' on input line 4073
.
Package hyperref Info: Option `unicode' set `true' on input line 4073.
Package hyperref Info: Hyper figures OFF on input line 4192.
Package hyperref Info: Link nesting OFF on input line 4197.
Package hyperref Info: Hyper index ON on input line 4200.
Package hyperref Info: Plain pages OFF on input line 4207.
Package hyperref Info: Backreferencing OFF on input line 4212.
Package hyperref Info: Implicit mode ON; LaTeX internals redefined.
Package hyperref Info: Bookmarks ON on input line 4445.
\c@Hy@tempcnt=\count274

(c:/texlive/2021/texmf-dist/tex/latex/url/url.sty
\Urlmuskip=\muskip17
Package: url 2013/09/16  ver 3.4  Verb mode for urls, etc.
)
LaTeX Info: Redefining \url on input line 4804.
\XeTeXLinkMargin=\dimen154

(c:/texlive/2021/texmf-dist/tex/generic/bitset/bitset.sty
Package: bitset 2019/12/09 v1.3 Handle bit-vector datatype (HO)

(c:/texlive/2021/texmf-dist/tex/generic/bigintcalc/bigintcalc.sty
Package: bigintcalc 2019/12/15 v1.5 Expandable calculations on big integers (HO
)
))
\Fld@menulength=\count275
\Field@Width=\dimen155
\Fld@charsize=\dimen156
Package hyperref Info: Hyper figures OFF on input line 6076.
Package hyperref Info: Link nesting OFF on input line 6081.
Package hyperref Info: Hyper index ON on input line 6084.
Package hyperref Info: backreferencing OFF on input line 6091.
Package hyperref Info: Link coloring ON on input line 6094.
Package hyperref Info: Link coloring with OCG OFF on input line 6101.
Package hyperref Info: PDF/A mode OFF on input line 6106.
LaTeX Info: Redefining \ref on input line 6146.
LaTeX Info: Redefining \pageref on input line 6150.

(c:/texlive/2021/texmf-dist/tex/latex/base/atbegshi-ltx.sty
Package: atbegshi-ltx 2021/01/10 v1.0c Emulation of the original atbegshi
package with kernel methods
)
\c@Item=\count276
\c@Hfootnote=\count277
)
Package hyperref Info: Driver: hpdftex.

(c:/texlive/2021/texmf-dist/tex/latex/hyperref/hpdftex.def
File: hpdftex.def 2021-06-07 v7.00m Hyperref driver for pdfTeX
\Fld@listcount=\count278
\c@bookmark@seq@number=\count279

(c:/texlive/2021/texmf-dist/tex/latex/rerunfilecheck/rerunfilecheck.sty
Package: rerunfilecheck 2019/12/05 v1.9 Rerun checks for auxiliary files (HO)

(c:/texlive/2021/texmf-dist/tex/latex/base/atveryend-ltx.sty
Package: atveryend-ltx 2020/08/19 v1.0a Emulation of the original atveryend pac
kage
with kernel methods
)
(c:/texlive/2021/texmf-dist/tex/generic/uniquecounter/uniquecounter.sty
Package: uniquecounter 2019/12/15 v1.4 Provide unlimited unique counter (HO)
)
Package uniquecounter Info: New unique counter `rerunfilecheck' on input line 2
86.
)
\Hy@SectionHShift=\skip52
)
(c:/texlive/2021/texmf-dist/tex/latex/biblatex/biblatex.sty
Package: biblatex 2020/12/31 v3.16 programmable bibliographies (PK/MW)

(c:/texlive/2021/texmf-dist/tex/latex/etoolbox/etoolbox.sty
Package: etoolbox 2020/10/05 v2.5k e-TeX tools for LaTeX (JAW)
\etb@tempcnta=\count280
)
(c:/texlive/2021/texmf-dist/tex/latex/logreq/logreq.sty
Package: logreq 2010/08/04 v1.0 xml request logger
\lrq@indent=\count281

(c:/texlive/2021/texmf-dist/tex/latex/logreq/logreq.def
File: logreq.def 2010/08/04 v1.0 logreq spec v1.0
))
(c:/texlive/2021/texmf-dist/tex/latex/base/ifthen.sty
Package: ifthen 2020/11/24 v1.1c Standard LaTeX ifthen package (DPC)
)
\c@tabx@nest=\count282
\c@listtotal=\count283
\c@listcount=\count284
\c@liststart=\count285
\c@liststop=\count286
\c@citecount=\count287
\c@citetotal=\count288
\c@multicitecount=\count289
\c@multicitetotal=\count290
\c@instcount=\count291
\c@maxnames=\count292
\c@minnames=\count293
\c@maxitems=\count294
\c@minitems=\count295
\c@citecounter=\count296
\c@maxcitecounter=\count297
\c@savedcitecounter=\count298
\c@uniquelist=\count299
\c@uniquename=\count300
\c@refsection=\count301
\c@refsegment=\count302
\c@maxextratitle=\count303
\c@maxextratitleyear=\count304
\c@maxextraname=\count305
\c@maxextradate=\count306
\c@maxextraalpha=\count307
\c@abbrvpenalty=\count308
\c@highnamepenalty=\count309
\c@lownamepenalty=\count310
\c@maxparens=\count311
\c@parenlevel=\count312
\blx@tempcnta=\count313
\blx@tempcntb=\count314
\blx@tempcntc=\count315
\blx@maxsection=\count316
\blx@maxsegment@0=\count317
\blx@notetype=\count318
\blx@parenlevel@text=\count319
\blx@parenlevel@foot=\count320
\blx@sectionciteorder@0=\count321
\blx@entrysetcounter=\count322
\blx@biblioinstance=\count323
\labelnumberwidth=\skip53
\labelalphawidth=\skip54
\biblabelsep=\skip55
\bibitemsep=\skip56
\bibnamesep=\skip57
\bibinitsep=\skip58
\bibparsep=\skip59
\bibhang=\skip60
\blx@bcfin=\read3
\blx@bcfout=\write3
\blx@langwohyphens=\language88
\c@mincomprange=\count324
\c@maxcomprange=\count325
\c@mincompwidth=\count326
Package biblatex Info: Trying to load biblatex default data model...
Package biblatex Info: ... file 'blx-dm.def' found.

(c:/texlive/2021/texmf-dist/tex/latex/biblatex/blx-dm.def
File: blx-dm.def 2020/12/31 v3.16 biblatex localization (PK/MW)
)
Package biblatex Info: Trying to load biblatex style data model...
Package biblatex Info: ... file 'numeric.dbx' not found.
Package biblatex Info: Trying to load biblatex custom data model...
Package biblatex Info: ... file 'biblatex-dm.cfg' not found.
\c@afterword=\count327
\c@savedafterword=\count328
\c@annotator=\count329
\c@savedannotator=\count330
\c@author=\count331
\c@savedauthor=\count332
\c@bookauthor=\count333
\c@savedbookauthor=\count334
\c@commentator=\count335
\c@savedcommentator=\count336
\c@editor=\count337
\c@savededitor=\count338
\c@editora=\count339
\c@savededitora=\count340
\c@editorb=\count341
\c@savededitorb=\count342
\c@editorc=\count343
\c@savededitorc=\count344
\c@foreword=\count345
\c@savedforeword=\count346
\c@holder=\count347
\c@savedholder=\count348
\c@introduction=\count349
\c@savedintroduction=\count350
\c@namea=\count351
\c@savednamea=\count352
\c@nameb=\count353
\c@savednameb=\count354
\c@namec=\count355
\c@savednamec=\count356
\c@translator=\count357
\c@savedtranslator=\count358
\c@shortauthor=\count359
\c@savedshortauthor=\count360
\c@shorteditor=\count361
\c@savedshorteditor=\count362
\c@labelname=\count363
\c@savedlabelname=\count364
\c@institution=\count365
\c@savedinstitution=\count366
\c@lista=\count367
\c@savedlista=\count368
\c@listb=\count369
\c@savedlistb=\count370
\c@listc=\count371
\c@savedlistc=\count372
\c@listd=\count373
\c@savedlistd=\count374
\c@liste=\count375
\c@savedliste=\count376
\c@listf=\count377
\c@savedlistf=\count378
\c@location=\count379
\c@savedlocation=\count380
\c@organization=\count381
\c@savedorganization=\count382
\c@origlocation=\count383
\c@savedoriglocation=\count384
\c@origpublisher=\count385
\c@savedorigpublisher=\count386
\c@publisher=\count387
\c@savedpublisher=\count388
\c@language=\count389
\c@savedlanguage=\count390
\c@origlanguage=\count391
\c@savedoriglanguage=\count392
\c@pageref=\count393
\c@savedpageref=\count394
\shorthandwidth=\skip61
\shortjournalwidth=\skip62
\shortserieswidth=\skip63
\shorttitlewidth=\skip64
\shortauthorwidth=\skip65
\shorteditorwidth=\skip66
\locallabelnumberwidth=\skip67
\locallabelalphawidth=\skip68
\localshorthandwidth=\skip69
\localshortjournalwidth=\skip70
\localshortserieswidth=\skip71
\localshorttitlewidth=\skip72
\localshortauthorwidth=\skip73
\localshorteditorwidth=\skip74
Package biblatex Info: Trying to load compatibility code...
Package biblatex Info: ... file 'blx-compat.def' found.

(c:/texlive/2021/texmf-dist/tex/latex/biblatex/blx-compat.def
File: blx-compat.def 2020/12/31 v3.16 biblatex compatibility (PK/MW)
)
Package biblatex Info: Trying to load generic definitions...
Package biblatex Info: ... file 'biblatex.def' found.

(c:/texlive/2021/texmf-dist/tex/latex/biblatex/biblatex.def
File: biblatex.def 2020/12/31 v3.16 biblatex compatibility (PK/MW)
\c@textcitecount=\count395
\c@textcitetotal=\count396
\c@textcitemaxnames=\count397
\c@biburlbigbreakpenalty=\count398
\c@biburlbreakpenalty=\count399
\c@biburlnumpenalty=\count400
\c@biburlucpenalty=\count401
\c@biburllcpenalty=\count402
\biburlbigskip=\muskip18
\biburlnumskip=\muskip19
\biburlucskip=\muskip20
\biburllcskip=\muskip21
\c@smartand=\count403
)
Package biblatex Info: Trying to load bibliography style 'numeric'...
Package biblatex Info: ... file 'numeric.bbx' found.

(c:/texlive/2021/texmf-dist/tex/latex/biblatex/bbx/numeric.bbx
File: numeric.bbx 2020/12/31 v3.16 biblatex bibliography style (PK/MW)
Package biblatex Info: Trying to load bibliography style 'standard'...
Package biblatex Info: ... file 'standard.bbx' found.

(c:/texlive/2021/texmf-dist/tex/latex/biblatex/bbx/standard.bbx
File: standard.bbx 2020/12/31 v3.16 biblatex bibliography style (PK/MW)
\c@bbx:relatedcount=\count404
\c@bbx:relatedtotal=\count405
))
Package biblatex Info: Trying to load citation style 'numeric'...
Package biblatex Info: ... file 'numeric.cbx' found.

(c:/texlive/2021/texmf-dist/tex/latex/biblatex/cbx/numeric.cbx
File: numeric.cbx 2020/12/31 v3.16 biblatex citation style (PK/MW)
Package biblatex Info: Redefining '\cite'.
Package biblatex Info: Redefining '\parencite'.
Package biblatex Info: Redefining '\footcite'.
Package biblatex Info: Redefining '\footcitetext'.
Package biblatex Info: Redefining '\smartcite'.
Package biblatex Info: Redefining '\supercite'.
Package biblatex Info: Redefining '\textcite'.
Package biblatex Info: Redefining '\textcites'.
Package biblatex Info: Redefining '\cites'.
Package biblatex Info: Redefining '\parencites'.
Package biblatex Info: Redefining '\smartcites'.
)
Package biblatex Info: Trying to load configuration file...
Package biblatex Info: ... file 'biblatex.cfg' found.

(c:/texlive/2021/texmf-dist/tex/latex/biblatex/biblatex.cfg
File: biblatex.cfg 
))
(c:/texlive/2021/texmf-dist/tex/latex/hypernat/hypernat.sty
Package: hypernat 2001/07/09 v1.0b hyperref and natbib compatibility (jb)
)
(c:/texlive/2021/texmf-dist/tex/latex/extsizes/extsizes.sty
Package: extsizes 1996/10/08 v1.0 Non Standard LaTeX Package


Package ExtSizes Warning: It is better to use one of the extsizes classes,
 if you can.

(c:/texlive/2021/texmf-dist/tex/latex/base/size12.clo
File: size12.clo 2021/10/04 v1.4n Standard LaTeX file (size option)
LaTeX Font Info:    Trying to load font information for OT4+cmr on input line 5
4.

(c:/texlive/2021/texmf-dist/tex/latex/polski/ot4cmr.fd
File: ot4cmr.fd 2008/02/24 v1.2.1 Font defs for fonts PL (MW)
)
LaTeX Info: Command `\normalsize' is already robust on input line 56.
LaTeX Info: Redefining \small on input line 58.
LaTeX Info: Redefining \footnotesize on input line 69.
LaTeX Info: Redefining \scriptsize on input line 80.
LaTeX Info: Redefining \tiny on input line 81.
LaTeX Info: Redefining \large on input line 82.
LaTeX Info: Redefining \Large on input line 83.
LaTeX Info: Redefining \LARGE on input line 84.
LaTeX Info: Redefining \huge on input line 85.
))
(c:/texlive/2021/texmf-dist/tex/latex/graphics/graphicx.sty
Package: graphicx 2021/09/16 v1.2d Enhanced LaTeX Graphics (DPC,SPQR)

(c:/texlive/2021/texmf-dist/tex/latex/graphics/graphics.sty
Package: graphics 2021/03/04 v1.4d Standard LaTeX Graphics (DPC,SPQR)

(c:/texlive/2021/texmf-dist/tex/latex/graphics/trig.sty
Package: trig 2021/08/11 v1.11 sin cos tan (DPC)
)
(c:/texlive/2021/texmf-dist/tex/latex/graphics-cfg/graphics.cfg
File: graphics.cfg 2016/06/04 v1.11 sample graphics configuration
)
Package graphics Info: Driver file: pdftex.def on input line 107.
)
\Gin@req@height=\dimen157
\Gin@req@width=\dimen158
)
(c:/texlive/2021/texmf-dist/tex/latex/geometry/geometry.sty
Package: geometry 2020/01/02 v5.9 Page Geometry

(c:/texlive/2021/texmf-dist/tex/generic/iftex/ifvtex.sty
Package: ifvtex 2019/10/25 v1.7 ifvtex legacy package. Use iftex instead.
)
\Gm@cnth=\count406
\Gm@cntv=\count407
\c@Gm@tempcnt=\count408
\Gm@bindingoffset=\dimen159
\Gm@wd@mp=\dimen160
\Gm@odd@mp=\dimen161
\Gm@even@mp=\dimen162
\Gm@layoutwidth=\dimen163
\Gm@layoutheight=\dimen164
\Gm@layouthoffset=\dimen165
\Gm@layoutvoffset=\dimen166
\Gm@dimlist=\toks23
)
(./strona_tytulowa.sty) (c:/texlive/2021/texmf-dist/tex/latex/todo/todo.sty
Package: todo 2010/03/31 v2.4142 To-do list (Federico Garcia)
\@todotoks=\toks24
\c@todo=\count409
)
(c:/texlive/2021/texmf-dist/tex/latex/circ/circ.sty
Package: circ 1997/04/23 v1.0d for typeset circuit diagrams
\X*max=\dimen167
\X*min=\dimen168
\*X*=\dimen169
\*Y*=\dimen170
\**X=\dimen171
\**Y=\dimen172
\***X=\dimen173
\***Y=\dimen174
\*bbox=\box52
\box*=\box53
\ic*=\dimen175
\ht*=\dimen176
\wd*=\dimen177
\dp*=\dimen178
\cc*=\count410
\*spc=\dimen179
\ldd*=\toks25
\rud*=\toks26
\llpos*=\toks27
\ldpos*=\toks28
\rlpos*=\toks29
\rdpos*=\toks30
\ulpos*=\toks31
\udpos*=\toks32
\dlpos*=\toks33
\ddpos*=\toks34
\cnta*=\count411
\cntb*=\count412
\name*=\toks35
\ld*pin=\toks36
\ru*pin=\toks37
\m*pin=\toks38
\rmacros=\toks39
\outerspace=\dimen180
\*Ilist=\toks40
\*Olist=\toks41
\pin*spc=\dimen181
\pin*ind=\dimen182
\io*ind=\dimen183
\mid*ind=\dimen184
\pinnum*spc=\dimen185
\CIRCfinit=\toks42

(c:/texlive/2021/texmf-dist/tex/latex/circ/basic.def
File: basic.def 
)
(c:/texlive/2021/texmf-dist/tex/latex/circ/physics.def))
(c:/texlive/2021/texmf-dist/tex/latex/titlesec/titlesec.sty
Package: titlesec 2021/07/05 v2.14 Sectioning titles
\ttl@box=\box54
\beforetitleunit=\skip75
\aftertitleunit=\skip76
\ttl@plus=\dimen186
\ttl@minus=\dimen187
\ttl@toksa=\toks43
\titlewidth=\dimen188
\titlewidthlast=\dimen189
\titlewidthfirst=\dimen190
)
(c:/texlive/2021/texmf-dist/tex/latex/tocloft/tocloft.sty
Package: tocloft 2017/08/31 v2.3i parameterised ToC, etc., typesetting
Package tocloft Info: The document has section divisions on input line 51.
\cftparskip=\skip77
\cftbeforetoctitleskip=\skip78
\cftaftertoctitleskip=\skip79
\cftbeforepartskip=\skip80
\cftpartnumwidth=\skip81
\cftpartindent=\skip82
\cftbeforesecskip=\skip83
\cftsecindent=\skip84
\cftsecnumwidth=\skip85
\cftbeforesubsecskip=\skip86
\cftsubsecindent=\skip87
\cftsubsecnumwidth=\skip88
\cftbeforesubsubsecskip=\skip89
\cftsubsubsecindent=\skip90
\cftsubsubsecnumwidth=\skip91
\cftbeforeparaskip=\skip92
\cftparaindent=\skip93
\cftparanumwidth=\skip94
\cftbeforesubparaskip=\skip95
\cftsubparaindent=\skip96
\cftsubparanumwidth=\skip97
\cftbeforeloftitleskip=\skip98
\cftafterloftitleskip=\skip99
\cftbeforefigskip=\skip100
\cftfigindent=\skip101
\cftfignumwidth=\skip102
\c@lofdepth=\count413
\c@lotdepth=\count414
\cftbeforelottitleskip=\skip103
\cftafterlottitleskip=\skip104
\cftbeforetabskip=\skip105
\cfttabindent=\skip106
\cfttabnumwidth=\skip107
)
(c:/texlive/2021/texmf-dist/tex/latex/expdlist/expdlist.sty
Document Substyle `EXPDLIST'. Released 22.09.1999 (V 2.4)
English Documentation  22.09.99
\listpartsep=\skip108
) (c:/texlive/2021/texmf-dist/tex/latex/base/flafter.sty
Package: flafter 2021/07/31 v1.4e Standard LaTeX floats after reference (FMi)
Applying: [2015/01/01] float order in 2-column on input line 49.
Already applied: [0000/00/00] float order in 2-column on input line 151.
)
(c:/texlive/2021/texmf-dist/tex/latex/tools/array.sty
Package: array 2021/10/04 v2.5f Tabular extension package (FMi)
\col@sep=\dimen191
\ar@mcellbox=\box55
\extrarowheight=\dimen192
\NC@list=\toks44
\extratabsurround=\skip109
\backup@length=\skip110
\ar@cellbox=\box56
)
(c:/texlive/2021/texmf-dist/tex/latex/listings/listings.sty
\lst@mode=\count415
\lst@gtempboxa=\box57
\lst@token=\toks45
\lst@length=\count416
\lst@currlwidth=\dimen193
\lst@column=\count417
\lst@pos=\count418
\lst@lostspace=\dimen194
\lst@width=\dimen195
\lst@newlines=\count419
\lst@lineno=\count420
\lst@maxwidth=\dimen196

(c:/texlive/2021/texmf-dist/tex/latex/listings/lstmisc.sty
File: lstmisc.sty 2020/03/24 1.8d (Carsten Heinz)
\c@lstnumber=\count421
\lst@skipnumbers=\count422
\lst@framebox=\box58
)
(c:/texlive/2021/texmf-dist/tex/latex/listings/listings.cfg
File: listings.cfg 2020/03/24 1.8d listings configuration
))
Package: listings 2020/03/24 1.8d (Carsten Heinz)

(c:/texlive/2021/texmf-dist/tex/latex/caption/caption.sty
Package: caption 2020/10/26 v3.5g Customizing captions (AR)

(c:/texlive/2021/texmf-dist/tex/latex/caption/caption3.sty
Package: caption3 2020/10/21 v2.2e caption3 kernel (AR)
\captionmargin=\dimen197
\captionmargin@=\dimen198
\captionwidth=\dimen199
\caption@tempdima=\dimen256
\caption@indent=\dimen257
\caption@parindent=\dimen258
\caption@hangindent=\dimen259
Package caption Info: Standard document class detected.
)
\c@caption@flags=\count423
\c@continuedfloat=\count424
Package caption Info: hyperref package is loaded.
Package caption Info: listings package is loaded.
)
(c:/texlive/2021/texmf-dist/tex/latex/appendix/appendix.sty
Package: appendix 2020/02/08 v1.2c extra appendix facilities
\c@@pps=\count425
\c@@ppsavesec=\count426
\c@@ppsaveapp=\count427
)
(c:/texlive/2021/texmf-dist/tex/latex/floatflt/floatflt.sty
Package: floatflt 1997/07/16 v. 1.31
\c@OptionTest=\count428
\figbox=\box59
\tabbox=\box60
\pagebox=\box61
\ffigcount=\count429
\ftabcount=\count430
\fftest=\count431
\hangcount=\count432
\nosuccesstryfig=\count433
\nosuccesstrytab=\count434
\figgutter=\dimen260
\tabgutter=\dimen261
\htdone=\dimen262
\pageht=\dimen263
\startpageht=\dimen264
\tabbredd=\dimen265
\floatfltwidth=\dimen266
\fltitemwidth=\dimen267
\outputpretest=\toks46
)
(c:/texlive/2021/texmf-dist/tex/latex/here/here.sty)
(c:/texlive/2021/texmf-dist/tex/latex/float/float.sty
Package: float 2001/11/08 v1.3d Float enhancements (AL)
\c@float@type=\count435
\float@exts=\toks47
\float@box=\box62
\@float@everytoks=\toks48
\@floatcapt=\box63
)
(c:/texlive/2021/texmf-dist/tex/latex/base/makeidx.sty
Package: makeidx 2021/10/04 v1.0m Standard LaTeX package
)
(c:/texlive/2021/texmf-dist/tex/latex/sectsty/sectsty.sty
Package: sectsty 2002/02/25 v2.0.2 Commands to change all sectional heading sty
les


LaTeX Warning: Command \underbar  has changed.
               Check if current package is valid.


LaTeX Warning: Command \underline  has changed.
               Check if current package is valid.

) (c:/texlive/2021/texmf-dist/tex/latex/tools/longtable.sty
Package: longtable 2021-09-01 v4.17 Multi-page Table package (DPC)
\LTleft=\skip111
\LTright=\skip112
\LTpre=\skip113
\LTpost=\skip114
\LTchunksize=\count436
\LTcapwidth=\dimen268
\LT@head=\box64
\LT@firsthead=\box65
\LT@foot=\box66
\LT@lastfoot=\box67
\LT@gbox=\box68
\LT@cols=\count437
\LT@rows=\count438
\c@LT@tables=\count439
\c@LT@chunks=\count440
\LT@p@ftn=\toks49
)
(c:/texlive/2021/texmf-dist/tex/latex/fancyhdr/fancyhdr.sty
Package: fancyhdr 2021/01/28 v4.0.1 Extensive control of page headers and foote
rs
\f@nch@headwidth=\skip115
\f@nch@O@elh=\skip116
\f@nch@O@erh=\skip117
\f@nch@O@olh=\skip118
\f@nch@O@orh=\skip119
\f@nch@O@elf=\skip120
\f@nch@O@erf=\skip121
\f@nch@O@olf=\skip122
\f@nch@O@orf=\skip123
))
(./preambula_ustawienia.tex)
(c:/texlive/2021/texmf-dist/tex/latex/fancyvrb/fancyvrb.sty
Package: fancyvrb 2021/12/21 4.1b verbatim text (tvz,hv)
\FV@CodeLineNo=\count441
\FV@InFile=\read4
\FV@TabBox=\box69
\c@FancyVerbLine=\count442
\FV@StepNumber=\count443
\FV@OutFile=\write4
)

Package biblatex Warning: 'babel/polyglossia' detected but 'csquotes' missing.
(biblatex)                Loading 'csquotes' recommended.

\@quotelevel=\count444
\@quotereset=\count445
(c:/texlive/2021/texmf-dist/tex/latex/l3backend/l3backend-pdftex.def
File: l3backend-pdftex.def 2021-12-14 L3 backend support: PDF output (pdfTeX)
\l__color_backend_stack_int=\count446
\l__pdf_internal_box=\box70
)

LaTeX Warning: Unused global option(s):
    [openany].

(./dokument.aux)
\openout1 = `dokument.aux'.

LaTeX Font Info:    Checking defaults for OML/cmm/m/it on input line 35.
LaTeX Font Info:    ... okay on input line 35.
LaTeX Font Info:    Checking defaults for OMS/cmsy/m/n on input line 35.
LaTeX Font Info:    ... okay on input line 35.
LaTeX Font Info:    Checking defaults for OT1/cmr/m/n on input line 35.
LaTeX Font Info:    ... okay on input line 35.
LaTeX Font Info:    Checking defaults for T1/cmr/m/n on input line 35.
LaTeX Font Info:    ... okay on input line 35.
LaTeX Font Info:    Checking defaults for TS1/cmr/m/n on input line 35.
LaTeX Font Info:    ... okay on input line 35.
LaTeX Font Info:    Checking defaults for OMX/cmex/m/n on input line 35.
LaTeX Font Info:    ... okay on input line 35.
LaTeX Font Info:    Checking defaults for U/cmr/m/n on input line 35.
LaTeX Font Info:    ... okay on input line 35.
LaTeX Font Info:    Checking defaults for OT4/cmr/m/n on input line 35.
LaTeX Font Info:    ... okay on input line 35.
LaTeX Font Info:    Checking defaults for PD1/pdf/m/n on input line 35.
LaTeX Font Info:    ... okay on input line 35.
LaTeX Font Info:    Checking defaults for PU/pdf/m/n on input line 35.
LaTeX Font Info:    ... okay on input line 35.

(c:/texlive/2021/texmf-dist/tex/context/base/mkii/supp-pdf.mkii
[Loading MPS to PDF converter (version 2006.09.02).]
\scratchcounter=\count447
\scratchdimen=\dimen269
\scratchbox=\box71
\nofMPsegments=\count448
\nofMParguments=\count449
\everyMPshowfont=\toks50
\MPscratchCnt=\count450
\MPscratchDim=\dimen270
\MPnumerator=\count451
\makeMPintoPDFobject=\count452
\everyMPtoPDFconversion=\toks51
) (c:/texlive/2021/texmf-dist/tex/latex/epstopdf-pkg/epstopdf-base.sty
Package: epstopdf-base 2020-01-24 v2.11 Base part for package epstopdf
Package epstopdf-base Info: Redefining graphics rule for `.eps' on input line 4
85.

(c:/texlive/2021/texmf-dist/tex/latex/latexconfig/epstopdf-sys.cfg
File: epstopdf-sys.cfg 2010/07/13 v1.3 Configuration of (r)epstopdf for TeX Liv
e
))
Package hyperref Info: Link coloring ON on input line 35.

(c:/texlive/2021/texmf-dist/tex/latex/hyperref/nameref.sty
Package: nameref 2021-04-02 v2.47 Cross-referencing by name of section

(c:/texlive/2021/texmf-dist/tex/latex/refcount/refcount.sty
Package: refcount 2019/12/15 v3.6 Data extraction from label references (HO)
)
(c:/texlive/2021/texmf-dist/tex/generic/gettitlestring/gettitlestring.sty
Package: gettitlestring 2019/12/15 v1.6 Cleanup title references (HO)
)
\c@section@level=\count453
)
LaTeX Info: Redefining \ref on input line 35.
LaTeX Info: Redefining \pageref on input line 35.
LaTeX Info: Redefining \nameref on input line 35.

(./dokument.out) (./dokument.out)
\@outlinefile=\write5
\openout5 = `dokument.out'.

Package biblatex Info: Trying to load language 'polish'...
Package biblatex Info: ... file 'polish.lbx' found.

(c:/texlive/2021/texmf-dist/tex/latex/biblatex/lbx/polish.lbx
File: polish.lbx 2020/12/31 v3.16 biblatex localization (PK/MW)
)
Package biblatex Info: Input encoding 'utf8' detected.
Package biblatex Info: Automatic encoding selection.
(biblatex)             Assuming data encoding 'utf8'.
Package biblatex Info: Document encoding is UTF8 ....

(c:/texlive/2021/texmf-dist/tex/latex/l3kernel/expl3.sty
Package: expl3 2021-11-22 L3 programming layer (loader) 
)
Package biblatex Info: ... and expl3
(biblatex)             2021-11-22 L3 programming layer (loader) 
(biblatex)             is new enough (at least 2020/04/06),
(biblatex)             setting 'casechanger=expl3'.

(c:/texlive/2021/texmf-dist/tex/latex/biblatex/blx-case-expl3.sty
(c:/texlive/2021/texmf-dist/tex/latex/l3packages/xparse/xparse.sty
Package: xparse 2021-11-12 L3 Experimental document command parser
)
Package: blx-case-expl3 2020/12/31 v3.16 expl3 case changing code for biblatex
)
\openout3 = `dokument.bcf'.

Package biblatex Info: Trying to load bibliographic data...
Package biblatex Info: ... file 'dokument.bbl' found.

(./dokument.bbl)
Package biblatex Info: Reference section=0 on input line 35.
Package biblatex Info: Reference segment=0 on input line 35.

*geometry* driver: auto-detecting
*geometry* detected driver: pdftex
*geometry* verbose mode - [ preamble ] result:
* driver: pdftex
* paper: a4paper
* layout: <same size as paper>
* layoutoffset:(h,v)=(0.0pt,0.0pt)
* modes: twoside 
* h-part:(L,W,R)=(99.58464pt, 426.79135pt, 71.13188pt)
* v-part:(T,H,B)=(71.13188pt, 702.78308pt, 71.13188pt)
* \paperwidth=597.50787pt
* \paperheight=845.04684pt
* \textwidth=426.79135pt
* \textheight=702.78308pt
* \oddsidemargin=27.31465pt
* \evensidemargin=-1.1381pt
* \topmargin=-38.1381pt
* \headheight=12.0pt
* \headsep=25.0pt
* \topskip=12.0pt
* \footskip=30.0pt
* \marginparwidth=85.0pt
* \marginparsep=10.0pt
* \columnsep=10.0pt
* \skip\footins=10.8pt plus 4.0pt minus 2.0pt
* \hoffset=0.0pt
* \voffset=0.0pt
* \mag=1000
* \@twocolumnfalse
* \@twosidetrue
* \@mparswitchtrue
* \@reversemargintrue
* (1in=72.27pt=25.4mm, 1cm=28.453pt)

\c@lstlisting=\count454
Package caption Info: Begin \AtBeginDocument code.
Package caption Info: float package is loaded.
Package caption Info: floatflt package is loaded.
Package caption Info: longtable package is loaded.
(c:/texlive/2021/texmf-dist/tex/latex/caption/ltcaption.sty
Package: ltcaption 2020/05/30 v1.4b longtable captions (AR)
)
Package caption Info: End \AtBeginDocument code.
LaTeX Font Info:    Trying to load font information for OT4+cmss on input line 
40.

(c:/texlive/2021/texmf-dist/tex/latex/polski/ot4cmss.fd
File: ot4cmss.fd 2008/02/24 v1.2.1 Font defs for fonts PL (MW)
)
LaTeX Font Info:    Trying to load font information for U+rsfs on input line 40
.

(c:/texlive/2021/texmf-dist/tex/latex/jknapltx/ursfs.fd
File: ursfs.fd 1998/03/24 rsfs font definition file (jk)
)
LaTeX Font Info:    Trying to load font information for U+msa on input line 40.


(c:/texlive/2021/texmf-dist/tex/latex/amsfonts/umsa.fd
File: umsa.fd 2013/01/14 v3.01 AMS symbols A
)
LaTeX Font Info:    Trying to load font information for U+msb on input line 40.


(c:/texlive/2021/texmf-dist/tex/latex/amsfonts/umsb.fd
File: umsb.fd 2013/01/14 v3.01 AMS symbols B
)

LaTeX Warning: No \author given.

[1

{c:/texlive/2021/texmf-var/fonts/map/pdftex/updmap/pdftex.map}]
(./dokument.toc)
\tf@toc=\write6
\openout6 = `dokument.toc'.



Package fancyhdr Warning: \headheight is too small (12.0pt): 
(fancyhdr)                Make it at least 24.68669pt, for example:
(fancyhdr)                \setlength{\headheight}{24.68669pt}.
(fancyhdr)                You might also make \topmargin smaller to compensate:

(fancyhdr)                \addtolength{\topmargin}{-12.68669pt}.

[2] (./tex/rozdzial1.tex) (./tex/rozdzial2.tex
Underfull \hbox (badness 10000) in paragraph at lines 8--1

 []


Underfull \hbox (badness 10000) in paragraph at lines 8--1

 []


Underfull \hbox (badness 10000) in paragraph at lines 8--1

 []


Underfull \hbox (badness 10000) in paragraph at lines 8--1

 []


Underfull \hbox (badness 10000) in paragraph at lines 8--1

 []


Underfull \hbox (badness 10000) in paragraph at lines 8--1

 []


Underfull \hbox (badness 10000) in paragraph at lines 8--1

 []


Underfull \hbox (badness 10000) in paragraph at lines 8--1

 []


Underfull \hbox (badness 10000) in paragraph at lines 8--1

 []


Underfull \hbox (badness 10000) in paragraph at lines 8--1

 []


Underfull \hbox (badness 10000) in paragraph at lines 8--1

 []


Underfull \hbox (badness 10000) in paragraph at lines 8--1

 []


Underfull \hbox (badness 10000) in paragraph at lines 8--1

 []


Underfull \hbox (badness 10000) in paragraph at lines 8--1

 []


Underfull \hbox (badness 10000) in paragraph at lines 8--1

 []


Underfull \hbox (badness 10000) in paragraph at lines 8--1

 []


Underfull \hbox (badness 10000) in paragraph at lines 8--1

 []


Underfull \hbox (badness 10000) in paragraph at lines 8--1

 []


Underfull \hbox (badness 10000) in paragraph at lines 8--1

 []


Underfull \hbox (badness 10000) in paragraph at lines 8--1

 []


Underfull \hbox (badness 10000) in paragraph at lines 8--1

 []


Package fancyhdr Warning: \headheight is too small (12.0pt): 
(fancyhdr)                Make it at least 24.68669pt, for example:
(fancyhdr)                \setlength{\headheight}{24.68669pt}.
(fancyhdr)                You might also make \topmargin smaller to compensate:

(fancyhdr)                \addtolength{\topmargin}{-12.68669pt}.

[3]
Underfull \vbox (badness 10000) has occurred while \output is active []



Package fancyhdr Warning: \headheight is too small (12.0pt): 
(fancyhdr)                Make it at least 24.68669pt, for example:
(fancyhdr)                \setlength{\headheight}{24.68669pt}.
(fancyhdr)                You might also make \topmargin smaller to compensate:

(fancyhdr)                \addtolength{\topmargin}{-12.68669pt}.

[4]

Package fancyhdr Warning: \headheight is too small (12.0pt): 
(fancyhdr)                Make it at least 24.68669pt, for example:
(fancyhdr)                \setlength{\headheight}{24.68669pt}.
(fancyhdr)                You might also make \topmargin smaller to compensate:

(fancyhdr)                \addtolength{\topmargin}{-12.68669pt}.

[5]
Underfull \hbox (badness 10000) in paragraph at lines 6--21

 []


Underfull \hbox (badness 10000) in paragraph at lines 6--21

 []


Underfull \hbox (badness 10000) in paragraph at lines 6--21

 []


Underfull \hbox (badness 10000) in paragraph at lines 6--21

 []


Underfull \hbox (badness 10000) in paragraph at lines 6--21

 []


Underfull \hbox (badness 10000) in paragraph at lines 6--21

 []


Underfull \hbox (badness 10000) in paragraph at lines 6--21

 []


Underfull \hbox (badness 10000) in paragraph at lines 6--21

 []


Underfull \hbox (badness 10000) in paragraph at lines 6--21

 []


Underfull \hbox (badness 10000) in paragraph at lines 6--21

 []


Underfull \hbox (badness 10000) in paragraph at lines 6--21

 []


Package fancyhdr Warning: \headheight is too small (12.0pt): 
(fancyhdr)                Make it at least 24.68669pt, for example:
(fancyhdr)                \setlength{\headheight}{24.68669pt}.
(fancyhdr)                You might also make \topmargin smaller to compensate:

(fancyhdr)                \addtolength{\topmargin}{-12.68669pt}.

[6]
<rys/main_screen.png, id=144, 602.25pt x 336.50719pt>
File: rys/main_screen.png Graphic file (type png)
<use rys/main_screen.png>
Package pdftex.def Info: rys/main_screen.png  used on input line 29.
(pdftex.def)             Requested size: 426.79134pt x 238.48018pt.
) (./tex/rozdzial3.tex

Package fancyhdr Warning: \headheight is too small (12.0pt): 
(fancyhdr)                Make it at least 24.68669pt, for example:
(fancyhdr)                \setlength{\headheight}{24.68669pt}.
(fancyhdr)                You might also make \topmargin smaller to compensate:

(fancyhdr)                \addtolength{\topmargin}{-12.68669pt}.

[7 <./rys/main_screen.png>]
File: rys/main_screen.png Graphic file (type png)
<use rys/main_screen.png>
Package pdftex.def Info: rys/main_screen.png  used on input line 28.
(pdftex.def)             Requested size: 426.79134pt x 238.48018pt.


Package fancyhdr Warning: \headheight is too small (12.0pt): 
(fancyhdr)                Make it at least 24.68669pt, for example:
(fancyhdr)                \setlength{\headheight}{24.68669pt}.
(fancyhdr)                You might also make \topmargin smaller to compensate:

(fancyhdr)                \addtolength{\topmargin}{-12.68669pt}.

[8]
<rys/xamarin_structure.png, id=161, 250.68657pt x 249.18094pt>
File: rys/xamarin_structure.png Graphic file (type png)
<use rys/xamarin_structure.png>
Package pdftex.def Info: rys/xamarin_structure.png  used on input line 45.
(pdftex.def)             Requested size: 284.52756pt x 282.8487pt.
) (./tex/rozdzial4.tex

Package fancyhdr Warning: \headheight is too small (12.0pt): 
(fancyhdr)                Make it at least 24.68669pt, for example:
(fancyhdr)                \setlength{\headheight}{24.68669pt}.
(fancyhdr)                You might also make \topmargin smaller to compensate:

(fancyhdr)                \addtolength{\topmargin}{-12.68669pt}.

[9 <./rys/xamarin_structure.png>]
<rys/gitchanges1.png, id=168, 752.0597pt x 563.10374pt>
File: rys/gitchanges1.png Graphic file (type png)
<use rys/gitchanges1.png>
Package pdftex.def Info: rys/gitchanges1.png  used on input line 23.
(pdftex.def)             Requested size: 426.79134pt x 319.56334pt.

Underfull \hbox (badness 10000) in paragraph at lines 23--24

 []


Package fancyhdr Warning: \headheight is too small (12.0pt): 
(fancyhdr)                Make it at least 24.68669pt, for example:
(fancyhdr)                \setlength{\headheight}{24.68669pt}.
(fancyhdr)                You might also make \topmargin smaller to compensate:

(fancyhdr)                \addtolength{\topmargin}{-12.68669pt}.

[10 <./rys/gitchanges1.png>]
<rys/gitchanges2.png, id=175, 774.64406pt x 160.34906pt>
File: rys/gitchanges2.png Graphic file (type png)
<use rys/gitchanges2.png>
Package pdftex.def Info: rys/gitchanges2.png  used on input line 36.
(pdftex.def)             Requested size: 426.79134pt x 88.34639pt.
<rys/gitchanges3.png, id=176, 432.86719pt x 76.78688pt>
File: rys/gitchanges3.png Graphic file (type png)
<use rys/gitchanges3.png>
Package pdftex.def Info: rys/gitchanges3.png  used on input line 48.
(pdftex.def)             Requested size: 426.79134pt x 75.71225pt.


Package fancyhdr Warning: \headheight is too small (12.0pt): 
(fancyhdr)                Make it at least 24.68669pt, for example:
(fancyhdr)                \setlength{\headheight}{24.68669pt}.
(fancyhdr)                You might also make \topmargin smaller to compensate:

(fancyhdr)                \addtolength{\topmargin}{-12.68669pt}.

[11 <./rys/gitchanges2.png> <./rys/gitchanges3.png>]
<rys/gitchanges4.2.1.png, id=185, 182.18062pt x 234.8775pt>
File: rys/gitchanges4.2.1.png Graphic file (type png)
<use rys/gitchanges4.2.1.png>
Package pdftex.def Info: rys/gitchanges4.2.1.png  used on input line 63.
(pdftex.def)             Requested size: 213.39566pt x 275.1317pt.
<rys/gitchanges4.2.2.png, id=186, 180.675pt x 140.02313pt>
File: rys/gitchanges4.2.2.png Graphic file (type png)
<use rys/gitchanges4.2.2.png>
Package pdftex.def Info: rys/gitchanges4.2.2.png  used on input line 74.
(pdftex.def)             Requested size: 213.39566pt x 165.38396pt.


Package fancyhdr Warning: \headheight is too small (12.0pt): 
(fancyhdr)                Make it at least 24.68669pt, for example:
(fancyhdr)                \setlength{\headheight}{24.68669pt}.
(fancyhdr)                You might also make \topmargin smaller to compensate:

(fancyhdr)                \addtolength{\topmargin}{-12.68669pt}.

[12 <./rys/gitchanges4.2.1.png> <./rys/gitchanges4.2.2.png>]
<rys/gitchanges4.2.3.png, id=195, 347.04657pt x 161.85469pt>
File: rys/gitchanges4.2.3.png Graphic file (type png)
<use rys/gitchanges4.2.3.png>
Package pdftex.def Info: rys/gitchanges4.2.3.png  used on input line 87.
(pdftex.def)             Requested size: 426.79134pt x 199.0529pt.


Package fancyhdr Warning: \headheight is too small (12.0pt): 
(fancyhdr)                Make it at least 24.68669pt, for example:
(fancyhdr)                \setlength{\headheight}{24.68669pt}.
(fancyhdr)                You might also make \topmargin smaller to compensate:

(fancyhdr)                \addtolength{\topmargin}{-12.68669pt}.

[13 <./rys/gitchanges4.2.3.png>]
<rys/gitchanges4.2.4.png, id=203, 510.40688pt x 307.1475pt>
File: rys/gitchanges4.2.4.png Graphic file (type png)
<use rys/gitchanges4.2.4.png>
Package pdftex.def Info: rys/gitchanges4.2.4.png  used on input line 100.
(pdftex.def)             Requested size: 426.79134pt x 256.84451pt.


Package fancyhdr Warning: \headheight is too small (12.0pt): 
(fancyhdr)                Make it at least 24.68669pt, for example:
(fancyhdr)                \setlength{\headheight}{24.68669pt}.
(fancyhdr)                You might also make \topmargin smaller to compensate:

(fancyhdr)                \addtolength{\topmargin}{-12.68669pt}.

[14 <./rys/gitchanges4.2.4.png>]
<rys/gitchanges4.2.5.png, id=210, 351.56343pt x 48.93282pt>
File: rys/gitchanges4.2.5.png Graphic file (type png)
<use rys/gitchanges4.2.5.png>
Package pdftex.def Info: rys/gitchanges4.2.5.png  used on input line 127.
(pdftex.def)             Requested size: 426.79134pt x 59.40298pt.
<rys/gitchanges4.2.6.png, id=211, 279.29344pt x 179.16937pt>
File: rys/gitchanges4.2.6.png Graphic file (type png)
<use rys/gitchanges4.2.6.png>
Package pdftex.def Info: rys/gitchanges4.2.6.png  used on input line 127.
(pdftex.def)             Requested size: 284.52756pt x 182.53435pt.
<rys/gitchanges4.2.7.png, id=212, 341.77687pt x 83.5622pt>
File: rys/gitchanges4.2.7.png Graphic file (type png)
<use rys/gitchanges4.2.7.png>
Package pdftex.def Info: rys/gitchanges4.2.7.png  used on input line 127.
(pdftex.def)             Requested size: 426.79134pt x 104.35556pt.


Package fancyhdr Warning: \headheight is too small (12.0pt): 
(fancyhdr)                Make it at least 24.68669pt, for example:
(fancyhdr)                \setlength{\headheight}{24.68669pt}.
(fancyhdr)                You might also make \topmargin smaller to compensate:

(fancyhdr)                \addtolength{\topmargin}{-12.68669pt}.

[15 <./rys/gitchanges4.2.5.png> <./rys/gitchanges4.2.6.png> <./rys/gitchanges4.
2.7.png>]
<rys/gitchanges4.2.8.png, id=223, 614.295pt x 442.65375pt>
File: rys/gitchanges4.2.8.png Graphic file (type png)
<use rys/gitchanges4.2.8.png>
Package pdftex.def Info: rys/gitchanges4.2.8.png  used on input line 140.
(pdftex.def)             Requested size: 426.79134pt x 307.54552pt.


Package fancyhdr Warning: \headheight is too small (12.0pt): 
(fancyhdr)                Make it at least 24.68669pt, for example:
(fancyhdr)                \setlength{\headheight}{24.68669pt}.
(fancyhdr)                You might also make \topmargin smaller to compensate:

(fancyhdr)                \addtolength{\topmargin}{-12.68669pt}.

[16 <./rys/gitchanges4.2.8.png>]
<rys/gitchanges4.2.9.png, id=230, 216.05719pt x 222.8325pt>
File: rys/gitchanges4.2.9.png Graphic file (type png)
<use rys/gitchanges4.2.9.png>
Package pdftex.def Info: rys/gitchanges4.2.9.png  used on input line 153.
(pdftex.def)             Requested size: 284.52756pt x 293.48358pt.


Package fancyhdr Warning: \headheight is too small (12.0pt): 
(fancyhdr)                Make it at least 24.68669pt, for example:
(fancyhdr)                \setlength{\headheight}{24.68669pt}.
(fancyhdr)                You might also make \topmargin smaller to compensate:

(fancyhdr)                \addtolength{\topmargin}{-12.68669pt}.

[17 <./rys/gitchanges4.2.9.png>]
<rys/gitchanges4.2.10.png, id=237, 170.13562pt x 82.80937pt>
File: rys/gitchanges4.2.10.png Graphic file (type png)
<use rys/gitchanges4.2.10.png>
Package pdftex.def Info: rys/gitchanges4.2.10.png  used on input line 189.
(pdftex.def)             Requested size: 213.39566pt x 103.8703pt.
<rys/gitchanges4.2.11.png, id=238, 373.395pt x 221.32687pt>
File: rys/gitchanges4.2.11.png Graphic file (type png)
<use rys/gitchanges4.2.11.png>
Package pdftex.def Info: rys/gitchanges4.2.11.png  used on input line 189.
(pdftex.def)             Requested size: 284.52756pt x 168.65932pt.
<rys/gitchanges4.2.12.png, id=239, 282.30469pt x 209.28188pt>
File: rys/gitchanges4.2.12.png Graphic file (type png)
<use rys/gitchanges4.2.12.png>
Package pdftex.def Info: rys/gitchanges4.2.12.png  used on input line 189.
(pdftex.def)             Requested size: 284.52756pt x 210.94508pt.
<rys/gitchanges4.2.13.png, id=240, 426.84468pt x 371.88937pt>
File: rys/gitchanges4.2.13.png Graphic file (type png)
<use rys/gitchanges4.2.13.png>
Package pdftex.def Info: rys/gitchanges4.2.13.png  used on input line 189.
(pdftex.def)             Requested size: 284.52756pt x 247.91049pt.


Package fancyhdr Warning: \headheight is too small (12.0pt): 
(fancyhdr)                Make it at least 24.68669pt, for example:
(fancyhdr)                \setlength{\headheight}{24.68669pt}.
(fancyhdr)                You might also make \topmargin smaller to compensate:

(fancyhdr)                \addtolength{\topmargin}{-12.68669pt}.

[18 <./rys/gitchanges4.2.10.png> <./rys/gitchanges4.2.11.png>]

Package fancyhdr Warning: \headheight is too small (12.0pt): 
(fancyhdr)                Make it at least 24.68669pt, for example:
(fancyhdr)                \setlength{\headheight}{24.68669pt}.
(fancyhdr)                You might also make \topmargin smaller to compensate:

(fancyhdr)                \addtolength{\topmargin}{-12.68669pt}.

[19 <./rys/gitchanges4.2.12.png> <./rys/gitchanges4.2.13.png>]
File: rys/gitchanges4.2.13.png Graphic file (type png)
<use rys/gitchanges4.2.13.png>
Package pdftex.def Info: rys/gitchanges4.2.13.png  used on input line 222.
(pdftex.def)             Requested size: 284.52756pt x 247.91049pt.
<rys/gitchanges4.2.14.png, id=258, 661.72218pt x 170.13562pt>
File: rys/gitchanges4.2.14.png Graphic file (type png)
<use rys/gitchanges4.2.14.png>
Package pdftex.def Info: rys/gitchanges4.2.14.png  used on input line 222.
(pdftex.def)             Requested size: 426.79134pt x 109.73273pt.
<rys/gitchanges4.2.15.png, id=259, 259.7203pt x 67.75313pt>
File: rys/gitchanges4.2.15.png Graphic file (type png)
<use rys/gitchanges4.2.15.png>
Package pdftex.def Info: rys/gitchanges4.2.15.png  used on input line 222.
(pdftex.def)             Requested size: 284.52756pt x 74.2247pt.


Package fancyhdr Warning: \headheight is too small (12.0pt): 
(fancyhdr)                Make it at least 24.68669pt, for example:
(fancyhdr)                \setlength{\headheight}{24.68669pt}.
(fancyhdr)                You might also make \topmargin smaller to compensate:

(fancyhdr)                \addtolength{\topmargin}{-12.68669pt}.

[20 <./rys/gitchanges4.2.14.png>]
<rys/gitchanges4.2.16.png, id=267, 766.36313pt x 144.54pt>
File: rys/gitchanges4.2.16.png Graphic file (type png)
<use rys/gitchanges4.2.16.png>
Package pdftex.def Info: rys/gitchanges4.2.16.png  used on input line 251.
(pdftex.def)             Requested size: 426.79134pt x 80.49632pt.
<rys/gitchanges4.2.17.png, id=268, 388.45125pt x 437.38406pt>
File: rys/gitchanges4.2.17.png Graphic file (type png)
<use rys/gitchanges4.2.17.png>
Package pdftex.def Info: rys/gitchanges4.2.17.png  used on input line 251.
(pdftex.def)             Requested size: 284.52756pt x 320.37555pt.
<rys/gitchanges4.2.18.png, id=269, 536.75531pt x 175.40532pt>
File: rys/gitchanges4.2.18.png Graphic file (type png)
<use rys/gitchanges4.2.18.png>
Package pdftex.def Info: rys/gitchanges4.2.18.png  used on input line 251.
(pdftex.def)             Requested size: 426.79134pt x 139.47064pt.


Package fancyhdr Warning: \headheight is too small (12.0pt): 
(fancyhdr)                Make it at least 24.68669pt, for example:
(fancyhdr)                \setlength{\headheight}{24.68669pt}.
(fancyhdr)                You might also make \topmargin smaller to compensate:

(fancyhdr)                \addtolength{\topmargin}{-12.68669pt}.

[21 <./rys/gitchanges4.2.15.png> <./rys/gitchanges4.2.16.png>]
<rys/gitchanges4.2.19.png, id=278, 297.36093pt x 626.34pt>
File: rys/gitchanges4.2.19.png Graphic file (type png)
<use rys/gitchanges4.2.19.png>
Package pdftex.def Info: rys/gitchanges4.2.19.png  used on input line 272.
(pdftex.def)             Requested size: 170.71652pt x 359.57883pt.
<rys/gitchanges4.2.20.png, id=279, 295.85532pt x 630.85687pt>
File: rys/gitchanges4.2.20.png Graphic file (type png)
<use rys/gitchanges4.2.20.png>
Package pdftex.def Info: rys/gitchanges4.2.20.png  used on input line 272.
(pdftex.def)             Requested size: 170.71652pt x 364.02979pt.
)
(./tex/rozdzial5.tex

Package fancyhdr Warning: \headheight is too small (12.0pt): 
(fancyhdr)                Make it at least 24.68669pt, for example:
(fancyhdr)                \setlength{\headheight}{24.68669pt}.
(fancyhdr)                You might also make \topmargin smaller to compensate:

(fancyhdr)                \addtolength{\topmargin}{-12.68669pt}.

[22 <./rys/gitchanges4.2.17.png> <./rys/gitchanges4.2.18.png>])
(./tex/rozdzial6.tex

Package fancyhdr Warning: \headheight is too small (12.0pt): 
(fancyhdr)                Make it at least 24.68669pt, for example:
(fancyhdr)                \setlength{\headheight}{24.68669pt}.
(fancyhdr)                You might also make \topmargin smaller to compensate:

(fancyhdr)                \addtolength{\topmargin}{-12.68669pt}.

[23 <./rys/gitchanges4.2.19.png>]
Underfull \hbox (badness 10000) in paragraph at lines 6--10

 []


Underfull \hbox (badness 10000) in paragraph at lines 6--10

 []


Underfull \vbox (badness 1348) has occurred while \output is active []



Package fancyhdr Warning: \headheight is too small (12.0pt): 
(fancyhdr)                Make it at least 24.68669pt, for example:
(fancyhdr)                \setlength{\headheight}{24.68669pt}.
(fancyhdr)                You might also make \topmargin smaller to compensate:

(fancyhdr)                \addtolength{\topmargin}{-12.68669pt}.

[24 <./rys/gitchanges4.2.20.png>])

Package fancyhdr Warning: \headheight is too small (12.0pt): 
(fancyhdr)                Make it at least 24.68669pt, for example:
(fancyhdr)                \setlength{\headheight}{24.68669pt}.
(fancyhdr)                You might also make \topmargin smaller to compensate:

(fancyhdr)                \addtolength{\topmargin}{-12.68669pt}.

[25]

LaTeX Warning: Empty bibliography on input line 78.

(./dokument.lof)
\tf@lof=\write7
\openout7 = `dokument.lof'.



Package fancyhdr Warning: \headheight is too small (12.0pt): 
(fancyhdr)                Make it at least 24.68669pt, for example:
(fancyhdr)                \setlength{\headheight}{24.68669pt}.
(fancyhdr)                You might also make \topmargin smaller to compensate:

(fancyhdr)                \addtolength{\topmargin}{-12.68669pt}.

[26

] (./dokument.lot)
\tf@lot=\write8
\openout8 = `dokument.lot'.



Package todo Warning: Nothing \todo! I'm ignoring the \todos command on input l
ine 99.


Package fancyhdr Warning: \headheight is too small (12.0pt): 
(fancyhdr)                Make it at least 24.68669pt, for example:
(fancyhdr)                \setlength{\headheight}{24.68669pt}.
(fancyhdr)                You might also make \topmargin smaller to compensate:

(fancyhdr)                \addtolength{\topmargin}{-12.68669pt}.

[27] (./dokument.aux)

Package rerunfilecheck Warning: File `dokument.out' has changed.
(rerunfilecheck)                Rerun to get outlines right
(rerunfilecheck)                or use package `bookmark'.

Package rerunfilecheck Info: Checksums for `dokument.out':
(rerunfilecheck)             Before: D705D951A215909F1EA77774415A515E;3534
(rerunfilecheck)             After:  EE6F8C35154B00F4AF347F7153BE88CF;4917.
Package logreq Info: Writing requests to 'dokument.run.xml'.
\openout1 = `dokument.run.xml'.

 ) 
Here is how much of TeX's memory you used:
 23753 strings out of 478353
 407132 string characters out of 5852100
 1134085 words of memory out of 5000000
 41413 multiletter control sequences out of 15000+600000
 417560 words of font info for 66 fonts, out of 8000000 for 9000
 1142 hyphenation exceptions out of 8191
 65i,11n,67p,741b,1704s stack positions out of 5000i,500n,10000p,200000b,80000s
{c:/texlive/2021/texmf-dist/fonts/enc/dvips/pl/plrm.enc}{c:/texlive/2021/texm
f-dist/fonts/enc/dvips/pl/plit.enc}<c:/texlive/2021/texmf-dist/fonts/type1/publ
ic/pl/plbx10.pfb><c:/texlive/2021/texmf-dist/fonts/type1/public/pl/plbx12.pfb><
c:/texlive/2021/texmf-dist/fonts/type1/public/pl/plr10.pfb><c:/texlive/2021/tex
mf-dist/fonts/type1/public/pl/plr12.pfb><c:/texlive/2021/texmf-dist/fonts/type1
/public/pl/plr17.pfb><c:/texlive/2021/texmf-dist/fonts/type1/public/pl/plr8.pfb
><c:/texlive/2021/texmf-dist/fonts/type1/public/pl/plss12.pfb><c:/texlive/2021/
texmf-dist/fonts/type1/public/pl/plssbx10.pfb><c:/texlive/2021/texmf-dist/fonts
/type1/public/pl/plti10.pfb><c:/texlive/2021/texmf-dist/fonts/type1/public/pl/p
lti12.pfb>
Output written on dokument.pdf (27 pages, 508877 bytes).
PDF statistics:
 411 PDF objects out of 1000 (max. 8388607)
 308 compressed objects within 4 object streams
 78 named destinations out of 1000 (max. 500000)
 302 words of extra memory for PDF output out of 10000 (max. 10000000)

